<?xml version="1.0" encoding="UTF-8"?>
<!-- Generated by org.testng.reporters.JUnitReportReporter -->
<testsuite hostname="Rocky" failures="0" tests="4" name="prac.Test1" time="201.895" errors="0" timestamp="2025-08-21T23:30:52 IST" skipped="0">
  <testcase classname="prac.Test1" name="validLoginTest" time="55.936"/>
  <testcase classname="prac.Test1" name="invalidLoginTest" time="54.616"/>
  <testcase classname="prac.Test1" name="validLoginTest" time="50.562"/>
  <testcase classname="prac.Test1" name="invalidLoginTest" time="40.781"/>
</testsuite> <!-- prac.Test1 -->
