<?xml version="1.0" encoding="UTF-8"?>
<!-- Generated by org.testng.reporters.JUnitReportReporter -->
<testsuite hostname="Rocky" failures="0" tests="1" name="selenium.LaunchBrowser2" time="12.123" errors="0" timestamp="2025-08-20T20:41:24 IST" skipped="0">
  <testcase classname="selenium.LaunchBrowser2" name="openGoogleInChrome" time="12.123"/>
</testsuite> <!-- selenium.LaunchBrowser2 -->
