<?xml version="1.0" encoding="UTF-8"?>
<!-- Generated by org.testng.reporters.JUnitReportReporter -->
<testsuite hostname="Rocky" failures="0" tests="4" name="tests.LoginTest" time="79.177" errors="0" timestamp="2025-08-21T17:01:48 IST" skipped="0">
  <testcase classname="tests.LoginTest" name="validLoginTest" time="39.075"/>
  <testcase classname="tests.LoginTest" name="validLoginTest" time="13.341"/>
  <testcase classname="tests.LoginTest" name="invalidLoginTest" time="17.940"/>
  <testcase classname="tests.LoginTest" name="invalidLoginTest" time="8.821"/>
</testsuite> <!-- tests.LoginTest -->
