<?xml version="1.0" encoding="UTF-8"?>
<!-- Generated by org.testng.reporters.JUnitReportReporter -->
<testsuite hostname="Rocky" failures="0" tests="1" name="selenium.LaunchBrowser1" time="16.056" errors="0" timestamp="2025-07-23T16:41:44 IST" skipped="0">
  <testcase classname="selenium.LaunchBrowser1" name="openGoogleInChrome" time="16.056"/>
</testsuite> <!-- selenium.LaunchBrowser1 -->
