<?xml version="1.0" encoding="UTF-8"?>
<!-- Generated by org.testng.reporters.JUnitReportReporter -->
<testsuite hostname="Rocky" failures="0" tests="1" name="com.api.web2.GetProfileRequestTest" time="8.782" errors="0" timestamp="2025-08-08T05:06:56 IST" skipped="0">
  <testcase classname="com.api.web2.GetProfileRequestTest" name="getProfileInfoTest" time="8.782"/>
</testsuite> <!-- com.api.web2.GetProfileRequestTest -->
