<?xml version="1.0" encoding="UTF-8"?>
<!-- Generated by org.testng.reporters.JUnitReportReporter -->
<testsuite hostname="Rocky" failures="0" tests="2" name="selenium.LaunchBrowser1" time="36.642" errors="0" timestamp="2025-08-21T02:58:34 IST" skipped="0">
  <testcase classname="selenium.LaunchBrowser1" name="openGoogleInChrome" time="16.882"/>
  <testcase classname="selenium.LaunchBrowser1" name="openGoogleInChrome" time="19.760"/>
</testsuite> <!-- selenium.LaunchBrowser1 -->
