<?xml version="1.0" encoding="UTF-8"?>
<!-- Generated by org.testng.reporters.JUnitReportReporter -->
<testsuite hostname="Rocky" failures="0" tests="1" name="selenium.LaunchBrowser" time="10.983" errors="0" timestamp="2025-07-16T14:17:06 IST" skipped="0">
  <testcase classname="selenium.LaunchBrowser" name="openGoogleInChrome" time="10.983"/>
</testsuite> <!-- selenium.LaunchBrowser -->
