<?xml version="1.0" encoding="UTF-8"?>
<!-- Generated by org.testng.reporters.JUnitReportReporter -->
<testsuite hostname="Rocky" failures="0" tests="1" name="com.api.web2.LoginAPITest3" time="8.434" errors="0" timestamp="2025-08-08T05:03:48 IST" skipped="0">
  <testcase classname="com.api.web2.LoginAPITest3" name="loginTest" time="8.434"/>
</testsuite> <!-- com.api.web2.LoginAPITest3 -->
