<?xml version="1.0" encoding="UTF-8"?>
<!-- Generated by org.testng.reporters.JUnitReportReporter -->
<testsuite hostname="Rocky" failures="0" tests="1" name="selenium.LaunchBrowser" time="11.114" errors="0" timestamp="2025-07-16T06:54:34 IST" skipped="0">
  <testcase classname="selenium.LaunchBrowser" name="openGoogleInChrome" time="11.114"/>
</testsuite> <!-- selenium.LaunchBrowser -->
