<?xml version="1.0" encoding="UTF-8"?>
<!-- Generated by org.testng.reporters.JUnitReportReporter -->
<testsuite hostname="Rocky" failures="0" tests="1" name="com.api.web2.GetProfileRequestTest" time="9.768" errors="0" timestamp="2025-07-31T18:39:06 IST" skipped="0">
  <testcase classname="com.api.web2.GetProfileRequestTest" name="getProfileInfoTest" time="9.768"/>
</testsuite> <!-- com.api.web2.GetProfileRequestTest -->
