<?xml version="1.0" encoding="UTF-8"?>
<!-- Generated by org.testng.reporters.JUnitReportReporter -->
<testsuite hostname="Rocky" failures="0" tests="1" name="com.testclass.DriverTestFirefox" time="17.111" errors="0" timestamp="2025-08-12T18:54:26 IST" skipped="0">
  <testcase classname="com.testclass.DriverTestFirefox" name="setup" time="17.111"/>
</testsuite> <!-- com.testclass.DriverTestFirefox -->
