<?xml version="1.0" encoding="UTF-8"?>
<!-- Generated by org.testng.reporters.JUnitReportReporter -->
<testsuite hostname="Rocky" failures="0" tests="1" name="selenium.LaunchBrowser" time="12.320" errors="0" timestamp="2025-07-19T23:39:17 IST" skipped="0">
  <testcase classname="selenium.LaunchBrowser" name="openGoogleInChrome" time="12.320"/>
</testsuite> <!-- selenium.LaunchBrowser -->
