<?xml version="1.0" encoding="UTF-8"?>
<!-- Generated by org.testng.reporters.JUnitReportReporter -->
<testsuite hostname="Rocky" failures="0" tests="1" name="com.api.base.LoginAPITest2" time="6.416" errors="0" timestamp="2025-08-15T20:50:43 IST" skipped="0">
  <testcase classname="com.api.base.LoginAPITest2" name="loginTest" time="6.416"/>
</testsuite> <!-- com.api.base.LoginAPITest2 -->
