<?xml version="1.0" encoding="UTF-8"?>
<!-- Generated by org.testng.reporters.JUnitReportReporter -->
<testsuite hostname="Rocky" failures="0" tests="4" name="com.testclass.LoginTest" time="69.781" errors="0" timestamp="2025-08-12T18:57:23 IST" skipped="0">
  <testcase classname="com.testclass.LoginTest" name="invalidLoginTest" time="16.107"/>
  <testcase classname="com.testclass.LoginTest" name="validLoginTest" time="22.103"/>
  <testcase classname="com.testclass.LoginTest" name="invalidLoginTest" time="19.088"/>
  <testcase classname="com.testclass.LoginTest" name="validLoginTest" time="12.483"/>
</testsuite> <!-- com.testclass.LoginTest -->
