<?xml version="1.0" encoding="UTF-8"?>
<!-- Generated by org.testng.reporters.JUnitReportReporter -->
<testsuite hostname="Rocky" failures="0" tests="1" name="selenium.HalfEbayTest" time="42.640" errors="0" timestamp="2025-07-22T00:55:40 IST" skipped="0">
  <testcase classname="selenium.HalfEbayTest" name="halfEbayRegTest" time="42.640"/>
</testsuite> <!-- selenium.HalfEbayTest -->
