<?xml version="1.0" encoding="UTF-8"?>
<!-- Generated by org.testng.reporters.JUnitReportReporter -->
<testsuite hostname="Rocky" failures="0" tests="1" name="com.api.tests.LoginAPITest" time="5.550" errors="0" timestamp="2025-07-22T03:01:31 IST" skipped="0">
  <testcase classname="com.api.tests.LoginAPITest" name="loginTest" time="5.550"/>
</testsuite> <!-- com.api.tests.LoginAPITest -->
