<?xml version="1.0" encoding="UTF-8"?>
<!-- Generated by org.testng.reporters.JUnitReportReporter -->
<testsuite hostname="Rocky" failures="0" tests="1" name="com.testclass.AmazonTest" time="17.941" errors="0" timestamp="2025-08-13T15:52:46 IST" skipped="0">
  <testcase classname="com.testclass.AmazonTest" name="openAmazonInChrome" time="17.941"/>
</testsuite> <!-- com.testclass.AmazonTest -->
