<?xml version="1.0" encoding="UTF-8"?>
<!-- Generated by org.testng.reporters.JUnitReportReporter -->
<testsuite hostname="Rocky" failures="0" tests="1" name="com.api.tests.LoginAPITest3" time="5.939" errors="0" timestamp="2025-07-23T17:41:33 IST" skipped="0">
  <testcase classname="com.api.tests.LoginAPITest3" name="loginTest" time="5.939"/>
</testsuite> <!-- com.api.tests.LoginAPITest3 -->
