<?xml version="1.0" encoding="UTF-8"?>
<!-- Generated by org.testng.reporters.JUnitReportReporter -->
<testsuite hostname="Rocky" failures="0" tests="4" name="drivers1.Test1" time="58.031" errors="0" timestamp="2025-08-21T23:46:19 IST" skipped="0">
  <testcase classname="drivers1.Test1" name="invalidLoginTest" time="9.601"/>
  <testcase classname="drivers1.Test1" name="invalidLoginTest" time="17.112"/>
  <testcase classname="drivers1.Test1" name="validLoginTest" time="8.976"/>
  <testcase classname="drivers1.Test1" name="validLoginTest" time="22.342"/>
</testsuite> <!-- drivers1.Test1 -->
