<?xml version="1.0" encoding="UTF-8"?>
<!-- Generated by org.testng.reporters.JUnitReportReporter -->
<testsuite hostname="Rocky" failures="0" tests="4" name="com.testclass.LoginTest" time="57.310" errors="0" timestamp="2025-08-13T01:05:26 IST" skipped="0">
  <testcase classname="com.testclass.LoginTest" name="validLoginTest" time="18.438"/>
  <testcase classname="com.testclass.LoginTest" name="validLoginTest" time="11.791"/>
  <testcase classname="com.testclass.LoginTest" name="invalidLoginTest" time="8.100"/>
  <testcase classname="com.testclass.LoginTest" name="invalidLoginTest" time="18.981"/>
</testsuite> <!-- com.testclass.LoginTest -->
