<?xml version="1.0" encoding="UTF-8"?>
<!-- Generated by org.testng.reporters.JUnitReportReporter -->
<testsuite hostname="Rocky" failures="0" tests="1" name="com.api.tests.LoginAPITest2" time="5.709" errors="0" timestamp="2025-07-22T22:26:32 IST" skipped="0">
  <testcase classname="com.api.tests.LoginAPITest2" name="loginTest" time="5.709"/>
</testsuite> <!-- com.api.tests.LoginAPITest2 -->
