<?xml version="1.0" encoding="UTF-8"?>
<!-- Generated by org.testng.reporters.JUnitReportReporter -->
<testsuite hostname="Rocky" failures="0" tests="1" name="com.api.web.LoginAPITest3" time="9.394" errors="0" timestamp="2025-07-26T17:52:29 IST" skipped="0">
  <testcase classname="com.api.web.LoginAPITest3" name="loginTest" time="9.394"/>
</testsuite> <!-- com.api.web.LoginAPITest3 -->
