<?xml version="1.0" encoding="UTF-8"?>
<!-- Generated by org.testng.reporters.JUnitReportReporter -->
<testsuite hostname="Rocky" failures="0" tests="4" name="com.testclass.LoginTest" time="68.063" errors="0" timestamp="2025-08-15T22:17:41 IST" skipped="0">
  <testcase classname="com.testclass.LoginTest" name="validLoginTest" time="20.970"/>
  <testcase classname="com.testclass.LoginTest" name="validLoginTest" time="16.026"/>
  <testcase classname="com.testclass.LoginTest" name="invalidLoginTest" time="16.649"/>
  <testcase classname="com.testclass.LoginTest" name="invalidLoginTest" time="14.418"/>
</testsuite> <!-- com.testclass.LoginTest -->
