<?xml version="1.0" encoding="UTF-8"?>
<!-- Generated by org.testng.reporters.JUnitReportReporter -->
<testsuite hostname="Rocky" failures="0" tests="1" name="com.api.tests.LoginAPITest2" time="6.215" errors="0" timestamp="2025-08-08T04:48:37 IST" skipped="0">
  <testcase classname="com.api.tests.LoginAPITest2" name="loginTest" time="6.215"/>
</testsuite> <!-- com.api.tests.LoginAPITest2 -->
