<?xml version="1.0" encoding="UTF-8"?>
<!-- Generated by org.testng.reporters.JUnitReportReporter -->
<testsuite hostname="Rocky" failures="0" tests="1" name="selenium.HalfEbayTest" time="51.939" errors="0" timestamp="2025-08-20T20:14:17 IST" skipped="0">
  <testcase classname="selenium.HalfEbayTest" name="halfEbayRegTest" time="51.939"/>
</testsuite> <!-- selenium.HalfEbayTest -->
