<?xml version="1.0" encoding="UTF-8"?>
<!-- Generated by org.testng.reporters.JUnitReportReporter -->
<testsuite hostname="Rocky" failures="0" tests="1" name="com.api.tests.GetUserInfo" time="5.804" errors="0" timestamp="2025-08-08T05:09:38 IST" skipped="0">
  <testcase classname="com.api.tests.GetUserInfo" name="getUserInfo" time="5.804"/>
</testsuite> <!-- com.api.tests.GetUserInfo -->
