<?xml version="1.0" encoding="UTF-8"?>
<!-- Generated by org.testng.reporters.JUnitReportReporter -->
<testsuite hostname="Rocky" failures="0" tests="1" name="selenium.LaunchBrowser1" time="19.290" errors="0" timestamp="2025-07-27T03:44:43 IST" skipped="0">
  <testcase classname="selenium.LaunchBrowser1" name="openGoogleInChrome" time="19.290"/>
</testsuite> <!-- selenium.LaunchBrowser1 -->
