<?xml version="1.0" encoding="UTF-8"?>
<!-- Generated by org.testng.reporters.JUnitReportReporter -->
<testsuite hostname="Rocky" failures="0" tests="1" name="com.api.web2.GetProfileRequestTest" time="7.841" errors="0" timestamp="2025-07-26T20:05:40 IST" skipped="0">
  <testcase classname="com.api.web2.GetProfileRequestTest" name="getProfileInfoTest" time="7.841"/>
</testsuite> <!-- com.api.web2.GetProfileRequestTest -->
