<?xml version="1.0" encoding="UTF-8"?>
<!-- Generated by org.testng.reporters.JUnitReportReporter -->
<testsuite hostname="Rocky" failures="0" tests="1" name="selenium.LaunchBrowser" time="23.564" errors="0" timestamp="2025-07-23T16:06:57 IST" skipped="0">
  <testcase classname="selenium.LaunchBrowser" name="openGoogleInChrome" time="23.564"/>
</testsuite> <!-- selenium.LaunchBrowser -->
